<?xml version="1.0" encoding="utf-8"?><testsuites><testsuite name="pytest" errors="0" failures="1" skipped="0" tests="1" time="6.900" timestamp="2021-07-22T09:40:40.953817" hostname="sim-hankdeMacBook-Pro.local"><testcase classname="test_case.test_res_delete_case.TestResEditorCase" name="test_delete_res" time="6.432"><failure message="selenium.common.exceptions.StaleElementReferenceException: Message: stale element reference: element is not attached to the page document&#10;  (Session info: chrome=91.0.4472.164)">self = &lt;test_case.test_res_delete_case.TestResEditorCase object at 0x7f94b39bbbb0&gt;
browser = &lt;selenium.webdriver.chrome.webdriver.WebDriver (session="79cf8e20869014031080657b1dd4ab9b")&gt;

    def test_delete_res(self, browser):
        """
        用例名称：删除资源连接
        步骤：
        1.选择列表中第一行资源点击删除按钮
        2.二次弹窗后点击确定
        检查点：
        1.出现删除成功toast
        :param browser:
        :return:
        """
        self.page = ResListPage(browser)
        # time.sleep(2)
&gt;       self.page.res_delete_button.click()

test_case/test_res_delete_case.py:35: 
_ _ _ _ _ _ _ _ _ _ _ _ _ _ _ _ _ _ _ _ _ _ _ _ _ _ _ _ _ _ _ _ _ _ _ _ _ _ _ _ 
/Library/Frameworks/Python.framework/Versions/3.9/lib/python3.9/site-packages/poium/page_objects.py:236: in click
    elem.click()
/Library/Frameworks/Python.framework/Versions/3.9/lib/python3.9/site-packages/selenium/webdriver/remote/webelement.py:80: in click
    self._execute(Command.CLICK_ELEMENT)
/Library/Frameworks/Python.framework/Versions/3.9/lib/python3.9/site-packages/selenium/webdriver/remote/webelement.py:633: in _execute
    return self._parent.execute(command, params)
/Library/Frameworks/Python.framework/Versions/3.9/lib/python3.9/site-packages/selenium/webdriver/remote/webdriver.py:321: in execute
    self.error_handler.check_response(response)
_ _ _ _ _ _ _ _ _ _ _ _ _ _ _ _ _ _ _ _ _ _ _ _ _ _ _ _ _ _ _ _ _ _ _ _ _ _ _ _ 

self = &lt;selenium.webdriver.remote.errorhandler.ErrorHandler object at 0x7f94b39bb2b0&gt;
response = {'status': 404, 'value': '{"value":{"error":"stale element reference","message":"stale element reference: element is n...fff204a88fc _pthread_start + 224\\n24  libsystem_pthread.dylib             0x00007fff204a4443 thread_start + 15\\n"}}'}

    def check_response(self, response):
        """
        Checks that a JSON response from the WebDriver does not have an error.
    
        :Args:
         - response - The JSON response from the WebDriver server as a dictionary
           object.
    
        :Raises: If the response contains an error message.
        """
        status = response.get('status', None)
        if status is None or status == ErrorCode.SUCCESS:
            return
        value = None
        message = response.get("message", "")
        screen = response.get("screen", "")
        stacktrace = None
        if isinstance(status, int):
            value_json = response.get('value', None)
            if value_json and isinstance(value_json, basestring):
                import json
                try:
                    value = json.loads(value_json)
                    if len(value.keys()) == 1:
                        value = value['value']
                    status = value.get('error', None)
                    if status is None:
                        status = value["status"]
                        message = value["value"]
                        if not isinstance(message, basestring):
                            value = message
                            message = message.get('message')
                    else:
                        message = value.get('message', None)
                except ValueError:
                    pass
    
        exception_class = ErrorInResponseException
        if status in ErrorCode.NO_SUCH_ELEMENT:
            exception_class = NoSuchElementException
        elif status in ErrorCode.NO_SUCH_FRAME:
            exception_class = NoSuchFrameException
        elif status in ErrorCode.NO_SUCH_WINDOW:
            exception_class = NoSuchWindowException
        elif status in ErrorCode.STALE_ELEMENT_REFERENCE:
            exception_class = StaleElementReferenceException
        elif status in ErrorCode.ELEMENT_NOT_VISIBLE:
            exception_class = ElementNotVisibleException
        elif status in ErrorCode.INVALID_ELEMENT_STATE:
            exception_class = InvalidElementStateException
        elif status in ErrorCode.INVALID_SELECTOR \
                or status in ErrorCode.INVALID_XPATH_SELECTOR \
                or status in ErrorCode.INVALID_XPATH_SELECTOR_RETURN_TYPER:
            exception_class = InvalidSelectorException
        elif status in ErrorCode.ELEMENT_IS_NOT_SELECTABLE:
            exception_class = ElementNotSelectableException
        elif status in ErrorCode.ELEMENT_NOT_INTERACTABLE:
            exception_class = ElementNotInteractableException
        elif status in ErrorCode.INVALID_COOKIE_DOMAIN:
            exception_class = InvalidCookieDomainException
        elif status in ErrorCode.UNABLE_TO_SET_COOKIE:
            exception_class = UnableToSetCookieException
        elif status in ErrorCode.TIMEOUT:
            exception_class = TimeoutException
        elif status in ErrorCode.SCRIPT_TIMEOUT:
            exception_class = TimeoutException
        elif status in ErrorCode.UNKNOWN_ERROR:
            exception_class = WebDriverException
        elif status in ErrorCode.UNEXPECTED_ALERT_OPEN:
            exception_class = UnexpectedAlertPresentException
        elif status in ErrorCode.NO_ALERT_OPEN:
            exception_class = NoAlertPresentException
        elif status in ErrorCode.IME_NOT_AVAILABLE:
            exception_class = ImeNotAvailableException
        elif status in ErrorCode.IME_ENGINE_ACTIVATION_FAILED:
            exception_class = ImeActivationFailedException
        elif status in ErrorCode.MOVE_TARGET_OUT_OF_BOUNDS:
            exception_class = MoveTargetOutOfBoundsException
        elif status in ErrorCode.JAVASCRIPT_ERROR:
            exception_class = JavascriptException
        elif status in ErrorCode.SESSION_NOT_CREATED:
            exception_class = SessionNotCreatedException
        elif status in ErrorCode.INVALID_ARGUMENT:
            exception_class = InvalidArgumentException
        elif status in ErrorCode.NO_SUCH_COOKIE:
            exception_class = NoSuchCookieException
        elif status in ErrorCode.UNABLE_TO_CAPTURE_SCREEN:
            exception_class = ScreenshotException
        elif status in ErrorCode.ELEMENT_CLICK_INTERCEPTED:
            exception_class = ElementClickInterceptedException
        elif status in ErrorCode.INSECURE_CERTIFICATE:
            exception_class = InsecureCertificateException
        elif status in ErrorCode.INVALID_COORDINATES:
            exception_class = InvalidCoordinatesException
        elif status in ErrorCode.INVALID_SESSION_ID:
            exception_class = InvalidSessionIdException
        elif status in ErrorCode.UNKNOWN_METHOD:
            exception_class = UnknownMethodException
        else:
            exception_class = WebDriverException
        if value == '' or value is None:
            value = response['value']
        if isinstance(value, basestring):
            if exception_class == ErrorInResponseException:
                raise exception_class(response, value)
            raise exception_class(value)
        if message == "" and 'message' in value:
            message = value['message']
    
        screen = None
        if 'screen' in value:
            screen = value['screen']
    
        stacktrace = None
        if 'stackTrace' in value and value['stackTrace']:
            stacktrace = []
            try:
                for frame in value['stackTrace']:
                    line = self._value_or_default(frame, 'lineNumber', '')
                    file = self._value_or_default(frame, 'fileName', '&lt;anonymous&gt;')
                    if line:
                        file = "%s:%s" % (file, line)
                    meth = self._value_or_default(frame, 'methodName', '&lt;anonymous&gt;')
                    if 'className' in frame:
                        meth = "%s.%s" % (frame['className'], meth)
                    msg = "    at %s (%s)"
                    msg = msg % (meth, file)
                    stacktrace.append(msg)
            except TypeError:
                pass
        if exception_class == ErrorInResponseException:
            raise exception_class(response, message)
        elif exception_class == UnexpectedAlertPresentException:
            alert_text = None
            if 'data' in value:
                alert_text = value['data'].get('text')
            elif 'alert' in value:
                alert_text = value['alert'].get('text')
            raise exception_class(message, screen, stacktrace, alert_text)
&gt;       raise exception_class(message, screen, stacktrace)
E       selenium.common.exceptions.StaleElementReferenceException: Message: stale element reference: element is not attached to the page document
E         (Session info: chrome=91.0.4472.164)

/Library/Frameworks/Python.framework/Versions/3.9/lib/python3.9/site-packages/selenium/webdriver/remote/errorhandler.py:242: StaleElementReferenceException</failure></testcase></testsuite></testsuites>