<?xml version="1.0" encoding="utf-8"?><testsuites><testsuite name="pytest" errors="0" failures="0" skipped="0" tests="1" time="21.857" timestamp="2021-07-20T18:21:34.316726" hostname="sim-hankdeMacBook-Pro.local"><testcase classname="test_case.test_job_add_case.TestJobAddCase" name="test_add_rds_extract" time="19.314" /></testsuite></testsuites>