<?xml version="1.0" encoding="utf-8"?><testsuites><testsuite name="pytest" errors="0" failures="0" skipped="0" tests="4" time="71.663" timestamp="2021-07-22T18:53:56.771349" hostname="sim-hankdeMacBook-Pro.local"><testcase classname="test_case.test_001_res_editor_case.TestResEditorCase" name="test_add[mysql]" time="19.331" /><testcase classname="test_case.test_001_res_editor_case.TestResEditorCase" name="test_add[oracle]" time="16.565" /><testcase classname="test_case.test_001_res_editor_case.TestResEditorCase" name="test_add[sqlserver]" time="15.465" /><testcase classname="test_case.test_001_res_editor_case.TestResEditorCase" name="test_add[db2]" time="20.271" /></testsuite></testsuites>